# JRE version: Java(TM) SE Runtime Environment (8.0_144-b01) (build 1.8.0_144-b01)
# Java VM: Java HotSpot(TM) 64-Bit Server VM (25.144-b01 mixed mode windows-amd64 compressed oops)
Heap:
 PSYoungGen      total 57344K, used 39218K [0x0000000780580000, 0x0000000787580000, 0x00000007c0000000)
  eden space 49152K, 63% used [0x0000000780580000,0x00000007823d4300,0x0000000783580000)
  from space 8192K, 99% used [0x0000000783d80000,0x0000000784578648,0x0000000784580000)
  to   space 8192K, 0% used [0x0000000783580000,0x0000000783580000,0x0000000783d80000)
 ParOldGen       total 131072K, used 1649K [0x0000000701000000, 0x0000000709000000, 0x0000000780580000)
  object space 131072K, 1% used [0x0000000701000000,0x000000070119c798,0x0000000709000000)
 Metaspace       used 15771K, capacity 16140K, committed 16384K, reserved 1062912K
  class space    used 1916K, capacity 2016K, committed 2048K, reserved 1048576K
GC Heap History (4 events):
Event: 1.971 GC heap before
{Heap before GC invocations=1 (full 0):
 PSYoungGen      total 57344K, used 49152K [0x0000000780580000, 0x0000000784580000, 0x00000007c0000000)
  eden space 49152K, 100% used [0x0000000780580000,0x0000000783580000,0x0000000783580000)
  from space 8192K, 0% used [0x0000000783d80000,0x0000000783d80000,0x0000000784580000)
  to   space 8192K, 0% used [0x0000000783580000,0x0000000783580000,0x0000000783d80000)
 ParOldGen       total 131072K, used 0K [0x0000000701000000, 0x0000000709000000, 0x0000000780580000)
  object space 131072K, 0% used [0x0000000701000000,0x0000000701000000,0x0000000709000000)
 Metaspace       used 9856K, capacity 10052K, committed 10368K, reserved 1058816K
  class space    used 1210K, capacity 1285K, committed 1408K, reserved 1048576K
Event: 1.980 GC heap after
Heap after GC invocations=1 (full 0):
 PSYoungGen      total 57344K, used 7309K [0x0000000780580000, 0x0000000784580000, 0x00000007c0000000)
  eden space 49152K, 0% used [0x0000000780580000,0x0000000780580000,0x0000000783580000)
  from space 8192K, 89% used [0x0000000783580000,0x0000000783ca3528,0x0000000783d80000)
  to   space 8192K, 0% used [0x0000000783d80000,0x0000000783d80000,0x0000000784580000)
 ParOldGen       total 131072K, used 16K [0x0000000701000000, 0x0000000709000000, 0x0000000780580000)
  object space 131072K, 0% used [0x0000000701000000,0x0000000701004000,0x0000000709000000)
 Metaspace       used 9856K, capacity 10052K, committed 10368K, reserved 1058816K
  class space    used 1210K, capacity 1285K, committed 1408K, reserved 1048576K
}
Event: 5.691 GC heap before
{Heap before GC invocations=2 (full 0):
 PSYoungGen      total 57344K, used 56461K [0x0000000780580000, 0x0000000784580000, 0x00000007c0000000)
  eden space 49152K, 100% used [0x0000000780580000,0x0000000783580000,0x0000000783580000)
  from space 8192K, 89% used [0x0000000783580000,0x0000000783ca3528,0x0000000783d80000)
  to   space 8192K, 0% used [0x0000000783d80000,0x0000000783d80000,0x0000000784580000)
 ParOldGen       total 131072K, used 16K [0x0000000701000000, 0x0000000709000000, 0x0000000780580000)
  object space 131072K, 0% used [0x0000000701000000,0x0000000701004000,0x0000000709000000)
 Metaspace       used 14791K, capacity 15054K, committed 15232K, reserved 1062912K
  class space    used 1809K, capacity 1911K, committed 1920K, reserved 1048576K
Event: 5.757 GC heap after
Heap after GC invocations=2 (full 0):
 PSYoungGen      total 57344K, used 8161K [0x0000000780580000, 0x0000000787580000, 0x00000007c0000000)
  eden space 49152K, 0% used [0x0000000780580000,0x0000000780580000,0x0000000783580000)
  from space 8192K, 99% used [0x0000000783d80000,0x0000000784578648,0x0000000784580000)
  to   space 8192K, 0% used [0x0000000783580000,0x0000000783580000,0x0000000783d80000)
 ParOldGen       total 131072K, used 1649K [0x0000000701000000, 0x0000000709000000, 0x0000000780580000)
  object space 131072K, 1% used [0x0000000701000000,0x000000070119c798,0x0000000709000000)
 Metaspace       used 14791K, capacity 15054K, committed 15232K, reserved 1062912K
  class space    used 1809K, capacity 1911K, committed 1920K, reserved 1048576K
}

